

Started GET "/" for 127.0.0.1 at 2014-05-29 20:20:14 +0000
Processing by Rails::WelcomeController#index as HTML
  Rendered /home/tuczi/.gem/ruby/2.1.0/gems/railties-4.1.1/lib/rails/templates/rails/welcome/index.html.erb (1.4ms)
Completed 200 OK in 51ms (Views: 36.2ms | ActiveRecord: 0.0ms)


Started GET "/" for 127.0.0.1 at 2014-05-29 20:57:54 +0000

ActionController::RoutingError (uninitialized constant PictureController):
  activesupport (4.1.1) lib/active_support/inflector/methods.rb:238:in `const_get'
  activesupport (4.1.1) lib/active_support/inflector/methods.rb:238:in `block in constantize'
  activesupport (4.1.1) lib/active_support/inflector/methods.rb:236:in `each'
  activesupport (4.1.1) lib/active_support/inflector/methods.rb:236:in `inject'
  activesupport (4.1.1) lib/active_support/inflector/methods.rb:236:in `constantize'
  actionpack (4.1.1) lib/action_dispatch/routing/route_set.rb:76:in `controller_reference'
  actionpack (4.1.1) lib/action_dispatch/routing/route_set.rb:66:in `controller'
  actionpack (4.1.1) lib/action_dispatch/routing/route_set.rb:44:in `call'
  actionpack (4.1.1) lib/action_dispatch/journey/router.rb:71:in `block in call'
  actionpack (4.1.1) lib/action_dispatch/journey/router.rb:59:in `each'
  actionpack (4.1.1) lib/action_dispatch/journey/router.rb:59:in `call'
  actionpack (4.1.1) lib/action_dispatch/routing/route_set.rb:676:in `call'
  rack (1.5.2) lib/rack/etag.rb:23:in `call'
  rack (1.5.2) lib/rack/conditionalget.rb:25:in `call'
  rack (1.5.2) lib/rack/head.rb:11:in `call'
  actionpack (4.1.1) lib/action_dispatch/middleware/params_parser.rb:27:in `call'
  actionpack (4.1.1) lib/action_dispatch/middleware/flash.rb:254:in `call'
  rack (1.5.2) lib/rack/session/abstract/id.rb:225:in `context'
  rack (1.5.2) lib/rack/session/abstract/id.rb:220:in `call'
  actionpack (4.1.1) lib/action_dispatch/middleware/cookies.rb:560:in `call'
  activerecord (4.1.1) lib/active_record/query_cache.rb:36:in `call'
  activerecord (4.1.1) lib/active_record/connection_adapters/abstract/connection_pool.rb:621:in `call'
  activerecord (4.1.1) lib/active_record/migration.rb:380:in `call'
  actionpack (4.1.1) lib/action_dispatch/middleware/callbacks.rb:29:in `block in call'
  activesupport (4.1.1) lib/active_support/callbacks.rb:82:in `run_callbacks'
  actionpack (4.1.1) lib/action_dispatch/middleware/callbacks.rb:27:in `call'
  actionpack (4.1.1) lib/action_dispatch/middleware/reloader.rb:73:in `call'
  actionpack (4.1.1) lib/action_dispatch/middleware/remote_ip.rb:76:in `call'
  actionpack (4.1.1) lib/action_dispatch/middleware/debug_exceptions.rb:17:in `call'
  actionpack (4.1.1) lib/action_dispatch/middleware/show_exceptions.rb:30:in `call'
  railties (4.1.1) lib/rails/rack/logger.rb:38:in `call_app'
  railties (4.1.1) lib/rails/rack/logger.rb:20:in `block in call'
  activesupport (4.1.1) lib/active_support/tagged_logging.rb:68:in `block in tagged'
  activesupport (4.1.1) lib/active_support/tagged_logging.rb:26:in `tagged'
  activesupport (4.1.1) lib/active_support/tagged_logging.rb:68:in `tagged'
  railties (4.1.1) lib/rails/rack/logger.rb:20:in `call'
  actionpack (4.1.1) lib/action_dispatch/middleware/request_id.rb:21:in `call'
  rack (1.5.2) lib/rack/methodoverride.rb:21:in `call'
  rack (1.5.2) lib/rack/runtime.rb:17:in `call'
  activesupport (4.1.1) lib/active_support/cache/strategy/local_cache_middleware.rb:26:in `call'
  rack (1.5.2) lib/rack/lock.rb:17:in `call'
  actionpack (4.1.1) lib/action_dispatch/middleware/static.rb:64:in `call'
  rack (1.5.2) lib/rack/sendfile.rb:112:in `call'
  railties (4.1.1) lib/rails/engine.rb:514:in `call'
  railties (4.1.1) lib/rails/application.rb:144:in `call'
  rack (1.5.2) lib/rack/lock.rb:17:in `call'
  rack (1.5.2) lib/rack/content_length.rb:14:in `call'
  rack (1.5.2) lib/rack/handler/webrick.rb:60:in `service'
  /usr/lib/ruby/2.1.0/webrick/httpserver.rb:138:in `service'
  /usr/lib/ruby/2.1.0/webrick/httpserver.rb:94:in `run'
  /usr/lib/ruby/2.1.0/webrick/server.rb:295:in `block in start_thread'


  Rendered /home/tuczi/.gem/ruby/2.1.0/gems/actionpack-4.1.1/lib/action_dispatch/middleware/templates/rescues/_trace.html.erb (1.1ms)
  Rendered /home/tuczi/.gem/ruby/2.1.0/gems/actionpack-4.1.1/lib/action_dispatch/middleware/templates/routes/_route.html.erb (1.2ms)
  Rendered /home/tuczi/.gem/ruby/2.1.0/gems/actionpack-4.1.1/lib/action_dispatch/middleware/templates/routes/_table.html.erb (16.2ms)
  Rendered /home/tuczi/.gem/ruby/2.1.0/gems/actionpack-4.1.1/lib/action_dispatch/middleware/templates/rescues/routing_error.html.erb within rescues/layout (62.4ms)
  [1m[36m (115.3ms)[0m  [1mCREATE TABLE "schema_migrations" ("version" varchar(255) NOT NULL) [0m
  [1m[35m (0.2ms)[0m  select sqlite_version(*)
  [1m[36m (98.9ms)[0m  [1mCREATE UNIQUE INDEX "unique_schema_migrations" ON "schema_migrations" ("version")[0m
  [1m[35mActiveRecord::SchemaMigration Load (0.3ms)[0m  SELECT "schema_migrations".* FROM "schema_migrations"
Migrating to CreatePictures (20140529210710)
  [1m[36m (0.2ms)[0m  [1mbegin transaction[0m
  [1m[35m (0.9ms)[0m  CREATE TABLE "pictures" ("id" INTEGER PRIMARY KEY AUTOINCREMENT NOT NULL, "data" blob, "name" varchar(255), "created_at" datetime, "updated_at" datetime) 
  [1m[36mSQL (0.1ms)[0m  [1mINSERT INTO "schema_migrations" ("version") VALUES (?)[0m  [["version", "20140529210710"]]
  [1m[35m (95.9ms)[0m  commit transaction
  [1m[36mActiveRecord::SchemaMigration Load (0.3ms)[0m  [1mSELECT "schema_migrations".* FROM "schema_migrations"[0m


Started GET "/" for 127.0.0.1 at 2014-05-29 21:07:46 +0000
  [1m[36mActiveRecord::SchemaMigration Load (0.1ms)[0m  [1mSELECT "schema_migrations".* FROM "schema_migrations"[0m

ActionController::RoutingError (uninitialized constant PictureController):
  activesupport (4.1.1) lib/active_support/inflector/methods.rb:238:in `const_get'
  activesupport (4.1.1) lib/active_support/inflector/methods.rb:238:in `block in constantize'
  activesupport (4.1.1) lib/active_support/inflector/methods.rb:236:in `each'
  activesupport (4.1.1) lib/active_support/inflector/methods.rb:236:in `inject'
  activesupport (4.1.1) lib/active_support/inflector/methods.rb:236:in `constantize'
  actionpack (4.1.1) lib/action_dispatch/routing/route_set.rb:76:in `controller_reference'
  actionpack (4.1.1) lib/action_dispatch/routing/route_set.rb:66:in `controller'
  actionpack (4.1.1) lib/action_dispatch/routing/route_set.rb:44:in `call'
  actionpack (4.1.1) lib/action_dispatch/journey/router.rb:71:in `block in call'
  actionpack (4.1.1) lib/action_dispatch/journey/router.rb:59:in `each'
  actionpack (4.1.1) lib/action_dispatch/journey/router.rb:59:in `call'
  actionpack (4.1.1) lib/action_dispatch/routing/route_set.rb:676:in `call'
  rack (1.5.2) lib/rack/etag.rb:23:in `call'
  rack (1.5.2) lib/rack/conditionalget.rb:25:in `call'
  rack (1.5.2) lib/rack/head.rb:11:in `call'
  actionpack (4.1.1) lib/action_dispatch/middleware/params_parser.rb:27:in `call'
  actionpack (4.1.1) lib/action_dispatch/middleware/flash.rb:254:in `call'
  rack (1.5.2) lib/rack/session/abstract/id.rb:225:in `context'
  rack (1.5.2) lib/rack/session/abstract/id.rb:220:in `call'
  actionpack (4.1.1) lib/action_dispatch/middleware/cookies.rb:560:in `call'
  activerecord (4.1.1) lib/active_record/query_cache.rb:36:in `call'
  activerecord (4.1.1) lib/active_record/connection_adapters/abstract/connection_pool.rb:621:in `call'
  activerecord (4.1.1) lib/active_record/migration.rb:380:in `call'
  actionpack (4.1.1) lib/action_dispatch/middleware/callbacks.rb:29:in `block in call'
  activesupport (4.1.1) lib/active_support/callbacks.rb:82:in `run_callbacks'
  actionpack (4.1.1) lib/action_dispatch/middleware/callbacks.rb:27:in `call'
  actionpack (4.1.1) lib/action_dispatch/middleware/reloader.rb:73:in `call'
  actionpack (4.1.1) lib/action_dispatch/middleware/remote_ip.rb:76:in `call'
  actionpack (4.1.1) lib/action_dispatch/middleware/debug_exceptions.rb:17:in `call'
  actionpack (4.1.1) lib/action_dispatch/middleware/show_exceptions.rb:30:in `call'
  railties (4.1.1) lib/rails/rack/logger.rb:38:in `call_app'
  railties (4.1.1) lib/rails/rack/logger.rb:20:in `block in call'
  activesupport (4.1.1) lib/active_support/tagged_logging.rb:68:in `block in tagged'
  activesupport (4.1.1) lib/active_support/tagged_logging.rb:26:in `tagged'
  activesupport (4.1.1) lib/active_support/tagged_logging.rb:68:in `tagged'
  railties (4.1.1) lib/rails/rack/logger.rb:20:in `call'
  actionpack (4.1.1) lib/action_dispatch/middleware/request_id.rb:21:in `call'
  rack (1.5.2) lib/rack/methodoverride.rb:21:in `call'
  rack (1.5.2) lib/rack/runtime.rb:17:in `call'
  activesupport (4.1.1) lib/active_support/cache/strategy/local_cache_middleware.rb:26:in `call'
  rack (1.5.2) lib/rack/lock.rb:17:in `call'
  actionpack (4.1.1) lib/action_dispatch/middleware/static.rb:64:in `call'
  rack (1.5.2) lib/rack/sendfile.rb:112:in `call'
  railties (4.1.1) lib/rails/engine.rb:514:in `call'
  railties (4.1.1) lib/rails/application.rb:144:in `call'
  rack (1.5.2) lib/rack/lock.rb:17:in `call'
  rack (1.5.2) lib/rack/content_length.rb:14:in `call'
  rack (1.5.2) lib/rack/handler/webrick.rb:60:in `service'
  /usr/lib/ruby/2.1.0/webrick/httpserver.rb:138:in `service'
  /usr/lib/ruby/2.1.0/webrick/httpserver.rb:94:in `run'
  /usr/lib/ruby/2.1.0/webrick/server.rb:295:in `block in start_thread'


  Rendered /home/tuczi/.gem/ruby/2.1.0/gems/actionpack-4.1.1/lib/action_dispatch/middleware/templates/rescues/_trace.html.erb (1.0ms)
  Rendered /home/tuczi/.gem/ruby/2.1.0/gems/actionpack-4.1.1/lib/action_dispatch/middleware/templates/routes/_route.html.erb (1.6ms)
  Rendered /home/tuczi/.gem/ruby/2.1.0/gems/actionpack-4.1.1/lib/action_dispatch/middleware/templates/routes/_table.html.erb (4.3ms)
  Rendered /home/tuczi/.gem/ruby/2.1.0/gems/actionpack-4.1.1/lib/action_dispatch/middleware/templates/rescues/routing_error.html.erb within rescues/layout (24.7ms)


Started GET "/" for 127.0.0.1 at 2014-05-29 21:08:01 +0000

ActionController::RoutingError (uninitialized constant PictureController):
  activesupport (4.1.1) lib/active_support/inflector/methods.rb:238:in `const_get'
  activesupport (4.1.1) lib/active_support/inflector/methods.rb:238:in `block in constantize'
  activesupport (4.1.1) lib/active_support/inflector/methods.rb:236:in `each'
  activesupport (4.1.1) lib/active_support/inflector/methods.rb:236:in `inject'
  activesupport (4.1.1) lib/active_support/inflector/methods.rb:236:in `constantize'
  actionpack (4.1.1) lib/action_dispatch/routing/route_set.rb:76:in `controller_reference'
  actionpack (4.1.1) lib/action_dispatch/routing/route_set.rb:66:in `controller'
  actionpack (4.1.1) lib/action_dispatch/routing/route_set.rb:44:in `call'
  actionpack (4.1.1) lib/action_dispatch/journey/router.rb:71:in `block in call'
  actionpack (4.1.1) lib/action_dispatch/journey/router.rb:59:in `each'
  actionpack (4.1.1) lib/action_dispatch/journey/router.rb:59:in `call'
  actionpack (4.1.1) lib/action_dispatch/routing/route_set.rb:676:in `call'
  rack (1.5.2) lib/rack/etag.rb:23:in `call'
  rack (1.5.2) lib/rack/conditionalget.rb:25:in `call'
  rack (1.5.2) lib/rack/head.rb:11:in `call'
  actionpack (4.1.1) lib/action_dispatch/middleware/params_parser.rb:27:in `call'
  actionpack (4.1.1) lib/action_dispatch/middleware/flash.rb:254:in `call'
  rack (1.5.2) lib/rack/session/abstract/id.rb:225:in `context'
  rack (1.5.2) lib/rack/session/abstract/id.rb:220:in `call'
  actionpack (4.1.1) lib/action_dispatch/middleware/cookies.rb:560:in `call'
  activerecord (4.1.1) lib/active_record/query_cache.rb:36:in `call'
  activerecord (4.1.1) lib/active_record/connection_adapters/abstract/connection_pool.rb:621:in `call'
  activerecord (4.1.1) lib/active_record/migration.rb:380:in `call'
  actionpack (4.1.1) lib/action_dispatch/middleware/callbacks.rb:29:in `block in call'
  activesupport (4.1.1) lib/active_support/callbacks.rb:82:in `run_callbacks'
  actionpack (4.1.1) lib/action_dispatch/middleware/callbacks.rb:27:in `call'
  actionpack (4.1.1) lib/action_dispatch/middleware/reloader.rb:73:in `call'
  actionpack (4.1.1) lib/action_dispatch/middleware/remote_ip.rb:76:in `call'
  actionpack (4.1.1) lib/action_dispatch/middleware/debug_exceptions.rb:17:in `call'
  actionpack (4.1.1) lib/action_dispatch/middleware/show_exceptions.rb:30:in `call'
  railties (4.1.1) lib/rails/rack/logger.rb:38:in `call_app'
  railties (4.1.1) lib/rails/rack/logger.rb:20:in `block in call'
  activesupport (4.1.1) lib/active_support/tagged_logging.rb:68:in `block in tagged'
  activesupport (4.1.1) lib/active_support/tagged_logging.rb:26:in `tagged'
  activesupport (4.1.1) lib/active_support/tagged_logging.rb:68:in `tagged'
  railties (4.1.1) lib/rails/rack/logger.rb:20:in `call'
  actionpack (4.1.1) lib/action_dispatch/middleware/request_id.rb:21:in `call'
  rack (1.5.2) lib/rack/methodoverride.rb:21:in `call'
  rack (1.5.2) lib/rack/runtime.rb:17:in `call'
  activesupport (4.1.1) lib/active_support/cache/strategy/local_cache_middleware.rb:26:in `call'
  rack (1.5.2) lib/rack/lock.rb:17:in `call'
  actionpack (4.1.1) lib/action_dispatch/middleware/static.rb:64:in `call'
  rack (1.5.2) lib/rack/sendfile.rb:112:in `call'
  railties (4.1.1) lib/rails/engine.rb:514:in `call'
  railties (4.1.1) lib/rails/application.rb:144:in `call'
  rack (1.5.2) lib/rack/lock.rb:17:in `call'
  rack (1.5.2) lib/rack/content_length.rb:14:in `call'
  rack (1.5.2) lib/rack/handler/webrick.rb:60:in `service'
  /usr/lib/ruby/2.1.0/webrick/httpserver.rb:138:in `service'
  /usr/lib/ruby/2.1.0/webrick/httpserver.rb:94:in `run'
  /usr/lib/ruby/2.1.0/webrick/server.rb:295:in `block in start_thread'


  Rendered /home/tuczi/.gem/ruby/2.1.0/gems/actionpack-4.1.1/lib/action_dispatch/middleware/templates/rescues/_trace.html.erb (1.0ms)
  Rendered /home/tuczi/.gem/ruby/2.1.0/gems/actionpack-4.1.1/lib/action_dispatch/middleware/templates/routes/_route.html.erb (1.3ms)
  Rendered /home/tuczi/.gem/ruby/2.1.0/gems/actionpack-4.1.1/lib/action_dispatch/middleware/templates/routes/_table.html.erb (0.9ms)
  Rendered /home/tuczi/.gem/ruby/2.1.0/gems/actionpack-4.1.1/lib/action_dispatch/middleware/templates/rescues/routing_error.html.erb within rescues/layout (15.7ms)


Started GET "/" for 127.0.0.1 at 2014-05-29 21:08:07 +0000
Processing by PicturesController#index as HTML
  [1m[35mPicture Load (0.2ms)[0m  SELECT "pictures".* FROM "pictures"
  Rendered pictures/index.html.erb within layouts/application (1.4ms)
Completed 200 OK in 872ms (Views: 863.0ms | ActiveRecord: 0.2ms)


Started GET "/assets/pictures.css?body=1" for 127.0.0.1 at 2014-05-29 21:08:08 +0000


Started GET "/assets/scaffolds.css?body=1" for 127.0.0.1 at 2014-05-29 21:08:08 +0000


Started GET "/assets/application.css?body=1" for 127.0.0.1 at 2014-05-29 21:08:08 +0000


Started GET "/assets/jquery.js?body=1" for 127.0.0.1 at 2014-05-29 21:08:08 +0000


Started GET "/assets/jquery_ujs.js?body=1" for 127.0.0.1 at 2014-05-29 21:08:08 +0000


Started GET "/assets/turbolinks.js?body=1" for 127.0.0.1 at 2014-05-29 21:08:08 +0000


Started GET "/assets/pictures.js?body=1" for 127.0.0.1 at 2014-05-29 21:08:08 +0000


Started GET "/assets/application.js?body=1" for 127.0.0.1 at 2014-05-29 21:08:08 +0000


Started GET "/pictures/new" for 127.0.0.1 at 2014-05-29 21:08:16 +0000
Processing by PicturesController#new as HTML
  Rendered pictures/_form.html.erb (58.3ms)
  Rendered pictures/new.html.erb within layouts/application (59.5ms)
Completed 200 OK in 65ms (Views: 63.2ms | ActiveRecord: 0.3ms)


Started GET "/pictures" for 127.0.0.1 at 2014-05-29 21:08:21 +0000
Processing by PicturesController#index as HTML
  [1m[36mPicture Load (0.1ms)[0m  [1mSELECT "pictures".* FROM "pictures"[0m
  Rendered pictures/index.html.erb within layouts/application (1.2ms)
Completed 200 OK in 6ms (Views: 5.0ms | ActiveRecord: 0.1ms)
  [1m[36mActiveRecord::SchemaMigration Load (0.1ms)[0m  [1mSELECT "schema_migrations".* FROM "schema_migrations"[0m
Migrating to DeviseCreateUsers (20140529211458)
  [1m[35m (0.1ms)[0m  begin transaction
  [1m[36m (0.3ms)[0m  [1mCREATE TABLE "users" ("id" INTEGER PRIMARY KEY AUTOINCREMENT NOT NULL, "email" varchar(255) DEFAULT '' NOT NULL, "encrypted_password" varchar(255) DEFAULT '' NOT NULL, "reset_password_token" varchar(255), "reset_password_sent_at" datetime, "remember_created_at" datetime, "sign_in_count" integer DEFAULT 0 NOT NULL, "current_sign_in_at" datetime, "last_sign_in_at" datetime, "current_sign_in_ip" varchar(255), "last_sign_in_ip" varchar(255), "created_at" datetime, "updated_at" datetime) [0m
  [1m[35m (0.1ms)[0m  select sqlite_version(*)
  [1m[36m (0.2ms)[0m  [1mCREATE UNIQUE INDEX "index_users_on_email" ON "users" ("email")[0m
  [1m[35m (0.1ms)[0m              SELECT sql
            FROM sqlite_master
            WHERE name='index_users_on_email' AND type='index'
            UNION ALL
            SELECT sql
            FROM sqlite_temp_master
            WHERE name='index_users_on_email' AND type='index'

  [1m[36m (0.1ms)[0m  [1mCREATE UNIQUE INDEX "index_users_on_reset_password_token" ON "users" ("reset_password_token")[0m
  [1m[35mSQL (0.1ms)[0m  INSERT INTO "schema_migrations" ("version") VALUES (?)  [["version", "20140529211458"]]
  [1m[36m (109.1ms)[0m  [1mcommit transaction[0m
  [1m[35mActiveRecord::SchemaMigration Load (0.3ms)[0m  SELECT "schema_migrations".* FROM "schema_migrations"
  [1m[36m (0.1ms)[0m  [1m            SELECT sql
            FROM sqlite_master
            WHERE name='index_users_on_reset_password_token' AND type='index'
            UNION ALL
            SELECT sql
            FROM sqlite_temp_master
            WHERE name='index_users_on_reset_password_token' AND type='index'
[0m
  [1m[35m (0.1ms)[0m              SELECT sql
            FROM sqlite_master
            WHERE name='index_users_on_email' AND type='index'
            UNION ALL
            SELECT sql
            FROM sqlite_temp_master
            WHERE name='index_users_on_email' AND type='index'



Started GET "/" for 127.0.0.1 at 2014-05-29 21:15:16 +0000
  [1m[36mActiveRecord::SchemaMigration Load (0.1ms)[0m  [1mSELECT "schema_migrations".* FROM "schema_migrations"[0m
Processing by PicturesController#index as HTML
  [1m[35mPicture Load (0.1ms)[0m  SELECT "pictures".* FROM "pictures"
  Rendered pictures/index.html.erb within layouts/application (2.0ms)
Completed 200 OK in 42ms (Views: 29.0ms | ActiveRecord: 0.1ms)


Started GET "/assets/pictures.css?body=1" for 127.0.0.1 at 2014-05-29 21:15:16 +0000


Started GET "/assets/jquery.js?body=1" for 127.0.0.1 at 2014-05-29 21:15:16 +0000


Started GET "/assets/jquery_ujs.js?body=1" for 127.0.0.1 at 2014-05-29 21:15:16 +0000


Started GET "/assets/scaffolds.css?body=1" for 127.0.0.1 at 2014-05-29 21:15:16 +0000


Started GET "/assets/application.css?body=1" for 127.0.0.1 at 2014-05-29 21:15:16 +0000


Started GET "/assets/turbolinks.js?body=1" for 127.0.0.1 at 2014-05-29 21:15:16 +0000


Started GET "/assets/pictures.js?body=1" for 127.0.0.1 at 2014-05-29 21:15:16 +0000


Started GET "/assets/application.js?body=1" for 127.0.0.1 at 2014-05-29 21:15:16 +0000


Started GET "/" for 127.0.0.1 at 2014-05-29 21:19:50 +0000
  [1m[36mActiveRecord::SchemaMigration Load (0.2ms)[0m  [1mSELECT "schema_migrations".* FROM "schema_migrations"[0m
Processing by PicturesController#index as HTML
  [1m[35mPicture Load (0.1ms)[0m  SELECT "pictures".* FROM "pictures"
  Rendered pictures/index.html.erb within layouts/application (1.9ms)
Completed 500 Internal Server Error in 61ms

ActionView::Template::Error (Missing partial layouts/_navigation with {:locale=>[:en], :formats=>[:html], :variants=>[], :handlers=>[:erb, :builder, :raw, :ruby, :jbuilder, :coffee]}. Searched in:
  * "/home/tuczi/git/tuczi-github/kfejk.kw/app/views"
  * "/home/tuczi/.gem/ruby/2.1.0/gems/devise-3.2.4/app/views"
):
     8: </head>
     9: <body>
    10: <header>
    11:       <%= render 'layouts/navigation' %>
    12: </header>
    13: <div class="messages">
    14:   <p class="notice"><%= notice %></p>
  app/views/layouts/application.html.erb:11:in `_app_views_layouts_application_html_erb__1143554141105578621_15240840'


  Rendered /home/tuczi/.gem/ruby/2.1.0/gems/actionpack-4.1.1/lib/action_dispatch/middleware/templates/rescues/_trace.html.erb (1.7ms)
  Rendered /home/tuczi/.gem/ruby/2.1.0/gems/actionpack-4.1.1/lib/action_dispatch/middleware/templates/rescues/_request_and_response.html.erb (3.0ms)
  Rendered /home/tuczi/.gem/ruby/2.1.0/gems/actionpack-4.1.1/lib/action_dispatch/middleware/templates/rescues/template_error.html.erb within rescues/layout (21.8ms)


Started GET "/" for 127.0.0.1 at 2014-05-29 21:22:57 +0000
Processing by PicturesController#index as HTML
  [1m[36mPicture Load (0.1ms)[0m  [1mSELECT "pictures".* FROM "pictures"[0m
  Rendered pictures/index.html.erb within layouts/application (0.6ms)
  Rendered layouts/_navigation_links.html.erb (4.0ms)
  Rendered layouts/_navigation.html.erb (4.9ms)
Completed 200 OK in 10ms (Views: 9.4ms | ActiveRecord: 0.1ms)


Started GET "/assets/pictures.css?body=1" for 127.0.0.1 at 2014-05-29 21:22:58 +0000


Started GET "/assets/scaffolds.css?body=1" for 127.0.0.1 at 2014-05-29 21:22:58 +0000


Started GET "/assets/application.css?body=1" for 127.0.0.1 at 2014-05-29 21:22:58 +0000


Started GET "/assets/jquery_ujs.js?body=1" for 127.0.0.1 at 2014-05-29 21:22:58 +0000


Started GET "/assets/turbolinks.js?body=1" for 127.0.0.1 at 2014-05-29 21:22:58 +0000


Started GET "/assets/jquery.js?body=1" for 127.0.0.1 at 2014-05-29 21:22:58 +0000


Started GET "/assets/pictures.js?body=1" for 127.0.0.1 at 2014-05-29 21:22:58 +0000


Started GET "/assets/application.js?body=1" for 127.0.0.1 at 2014-05-29 21:22:58 +0000


Started GET "/" for 127.0.0.1 at 2014-05-29 21:23:05 +0000
Processing by PicturesController#index as HTML
  [1m[35mPicture Load (0.1ms)[0m  SELECT "pictures".* FROM "pictures"
  Rendered pictures/index.html.erb within layouts/application (1.0ms)
  Rendered layouts/_navigation_links.html.erb (0.8ms)
  Rendered layouts/_navigation.html.erb (1.7ms)
Completed 200 OK in 7ms (Views: 6.8ms | ActiveRecord: 0.1ms)


Started GET "/" for 127.0.0.1 at 2014-05-29 21:23:07 +0000
Processing by PicturesController#index as HTML
  [1m[36mPicture Load (0.1ms)[0m  [1mSELECT "pictures".* FROM "pictures"[0m
  Rendered pictures/index.html.erb within layouts/application (0.5ms)
  Rendered layouts/_navigation_links.html.erb (0.4ms)
  Rendered layouts/_navigation.html.erb (1.1ms)
Completed 200 OK in 6ms (Views: 5.5ms | ActiveRecord: 0.1ms)


Started GET "/users/sign_in" for 127.0.0.1 at 2014-05-29 21:23:09 +0000
Processing by Devise::SessionsController#new as HTML
  Rendered devise/shared/_links.erb (1.7ms)
  Rendered devise/sessions/new.html.erb within layouts/application (44.2ms)
  Rendered layouts/_navigation_links.html.erb (0.6ms)
  Rendered layouts/_navigation.html.erb (1.4ms)
Completed 200 OK in 81ms (Views: 51.6ms | ActiveRecord: 1.1ms)


Started GET "/users/sign_up" for 127.0.0.1 at 2014-05-29 21:23:13 +0000
Processing by Devise::RegistrationsController#new as HTML
  Rendered devise/shared/_links.erb (0.3ms)
  Rendered devise/registrations/new.html.erb within layouts/application (3.5ms)
  Rendered layouts/_navigation_links.html.erb (0.7ms)
  Rendered layouts/_navigation.html.erb (1.3ms)
Completed 200 OK in 23ms (Views: 22.2ms | ActiveRecord: 0.0ms)


Started POST "/users" for 127.0.0.1 at 2014-05-29 21:23:36 +0000
Processing by Devise::RegistrationsController#create as HTML
  Parameters: {"utf8"=>"✓", "authenticity_token"=>"nZq19AgKeoLxu/j4KdbZrS0JH5WzBMKJYAhy8UV4GFg=", "user"=>{"email"=>"aa@a.pl", "password"=>"[FILTERED]", "password_confirmation"=>"[FILTERED]"}, "commit"=>"Sign up"}
  [1m[35m (0.1ms)[0m  begin transaction
  [1m[36mUser Exists (0.2ms)[0m  [1mSELECT  1 AS one FROM "users"  WHERE "users"."email" = 'aa@a.pl' LIMIT 1[0m
Binary data inserted for `string` type on column `encrypted_password`
  [1m[35mSQL (0.3ms)[0m  INSERT INTO "users" ("created_at", "email", "encrypted_password", "updated_at") VALUES (?, ?, ?, ?)  [["created_at", "2014-05-29 21:23:36.156621"], ["email", "aa@a.pl"], ["encrypted_password", "$2a$10$IVU9Pq3w4j9W/8qRDEIehO37C23I/lcvxLAqw6Qdb7d98dqyIR.v2"], ["updated_at", "2014-05-29 21:23:36.156621"]]
  [1m[36m (95.1ms)[0m  [1mcommit transaction[0m
  [1m[35m (0.2ms)[0m  begin transaction
Binary data inserted for `string` type on column `current_sign_in_ip`
Binary data inserted for `string` type on column `last_sign_in_ip`
  [1m[36mSQL (0.5ms)[0m  [1mUPDATE "users" SET "current_sign_in_at" = ?, "current_sign_in_ip" = ?, "last_sign_in_at" = ?, "last_sign_in_ip" = ?, "sign_in_count" = ?, "updated_at" = ? WHERE "users"."id" = 1[0m  [["current_sign_in_at", "2014-05-29 21:23:36.256904"], ["current_sign_in_ip", "127.0.0.1"], ["last_sign_in_at", "2014-05-29 21:23:36.256904"], ["last_sign_in_ip", "127.0.0.1"], ["sign_in_count", 1], ["updated_at", "2014-05-29 21:23:36.260170"]]
  [1m[35m (102.9ms)[0m  commit transaction
Redirected to http://localhost:3000/
Completed 302 Found in 356ms (ActiveRecord: 199.3ms)


Started GET "/" for 127.0.0.1 at 2014-05-29 21:23:36 +0000
Processing by PicturesController#index as HTML
  [1m[36mPicture Load (0.2ms)[0m  [1mSELECT "pictures".* FROM "pictures"[0m
  Rendered pictures/index.html.erb within layouts/application (0.7ms)
  [1m[35mUser Load (0.1ms)[0m  SELECT  "users".* FROM "users"  WHERE "users"."id" = 1  ORDER BY "users"."id" ASC LIMIT 1
  Rendered layouts/_navigation_links.html.erb (14.6ms)
  Rendered layouts/_navigation.html.erb (15.4ms)
Completed 500 Internal Server Error in 22ms

ActionView::Template::Error (undefined local variable or method `users_path' for #<#<Class:0x00000001c0ed28>:0x007ff9887fab50>):
     6:   <li><%= link_to 'Sign up', new_user_registration_path %></li>
     7: <% end %>
     8: <% if user_signed_in? %>
     9:   <li><%= link_to 'Users', users_path %></li>
    10: <% end %>
  app/views/layouts/_navigation_links.html.erb:9:in `_app_views_layouts__navigation_links_html_erb__946732359102992398_37144880'
  app/views/layouts/_navigation.html.erb:14:in `_app_views_layouts__navigation_html_erb__939051431279694228_37123100'
  app/views/layouts/application.html.erb:11:in `_app_views_layouts_application_html_erb__1143554141105578621_15240840'


  Rendered /home/tuczi/.gem/ruby/2.1.0/gems/actionpack-4.1.1/lib/action_dispatch/middleware/templates/rescues/_trace.html.erb (1.3ms)
  Rendered /home/tuczi/.gem/ruby/2.1.0/gems/actionpack-4.1.1/lib/action_dispatch/middleware/templates/rescues/_request_and_response.html.erb (0.8ms)
  Rendered /home/tuczi/.gem/ruby/2.1.0/gems/actionpack-4.1.1/lib/action_dispatch/middleware/templates/rescues/template_error.html.erb within rescues/layout (9.4ms)


Started GET "/" for 127.0.0.1 at 2014-05-29 21:23:54 +0000
Processing by PicturesController#index as HTML
  [1m[36mPicture Load (0.2ms)[0m  [1mSELECT "pictures".* FROM "pictures"[0m
  Rendered pictures/index.html.erb within layouts/application (0.8ms)
  [1m[35mUser Load (0.1ms)[0m  SELECT  "users".* FROM "users"  WHERE "users"."id" = 1  ORDER BY "users"."id" ASC LIMIT 1
  Rendered layouts/_navigation_links.html.erb (10.4ms)
  Rendered layouts/_navigation.html.erb (11.0ms)
Completed 500 Internal Server Error in 18ms

ActionView::Template::Error (undefined local variable or method `users_path' for #<#<Class:0x00000001c0ed28>:0x00000002df4a38>):
     6:   <li><%= link_to 'Sign up', new_user_registration_path %></li>
     7: <% end %>
     8: <% if user_signed_in? %>
     9:   <li><%= link_to 'Users', users_path %></li>
    10: <% end %>
  app/views/layouts/_navigation_links.html.erb:9:in `_app_views_layouts__navigation_links_html_erb__946732359102992398_37144880'
  app/views/layouts/_navigation.html.erb:14:in `_app_views_layouts__navigation_html_erb__939051431279694228_37123100'
  app/views/layouts/application.html.erb:11:in `_app_views_layouts_application_html_erb__1143554141105578621_15240840'


  Rendered /home/tuczi/.gem/ruby/2.1.0/gems/actionpack-4.1.1/lib/action_dispatch/middleware/templates/rescues/_trace.html.erb (1.1ms)
  Rendered /home/tuczi/.gem/ruby/2.1.0/gems/actionpack-4.1.1/lib/action_dispatch/middleware/templates/rescues/_request_and_response.html.erb (0.7ms)
  Rendered /home/tuczi/.gem/ruby/2.1.0/gems/actionpack-4.1.1/lib/action_dispatch/middleware/templates/rescues/template_error.html.erb within rescues/layout (8.7ms)


Started GET "/" for 127.0.0.1 at 2014-05-29 21:24:01 +0000
Processing by PicturesController#index as HTML
  [1m[36mPicture Load (0.1ms)[0m  [1mSELECT "pictures".* FROM "pictures"[0m
  Rendered pictures/index.html.erb within layouts/application (0.6ms)
  [1m[35mUser Load (0.1ms)[0m  SELECT  "users".* FROM "users"  WHERE "users"."id" = 1  ORDER BY "users"."id" ASC LIMIT 1
  Rendered layouts/_navigation_links.html.erb (13.4ms)
  Rendered layouts/_navigation.html.erb (13.9ms)
Completed 500 Internal Server Error in 19ms

ActionView::Template::Error (undefined local variable or method `users_path' for #<#<Class:0x00000001c0ed28>:0x0000000449fb48>):
     6:   <li><%= link_to 'Sign up', new_user_registration_path %></li>
     7: <% end %>
     8: <% if user_signed_in? %>
     9:   <li><%= link_to 'Users', users_path %></li>
    10: <% end %>
  app/views/layouts/_navigation_links.html.erb:9:in `_app_views_layouts__navigation_links_html_erb__946732359102992398_37144880'
  app/views/layouts/_navigation.html.erb:14:in `_app_views_layouts__navigation_html_erb__939051431279694228_37123100'
  app/views/layouts/application.html.erb:11:in `_app_views_layouts_application_html_erb__1143554141105578621_15240840'


  Rendered /home/tuczi/.gem/ruby/2.1.0/gems/actionpack-4.1.1/lib/action_dispatch/middleware/templates/rescues/_trace.html.erb (1.2ms)
  Rendered /home/tuczi/.gem/ruby/2.1.0/gems/actionpack-4.1.1/lib/action_dispatch/middleware/templates/rescues/_request_and_response.html.erb (0.8ms)
  Rendered /home/tuczi/.gem/ruby/2.1.0/gems/actionpack-4.1.1/lib/action_dispatch/middleware/templates/rescues/template_error.html.erb within rescues/layout (9.0ms)


Started GET "/" for 127.0.0.1 at 2014-05-29 21:24:33 +0000
Processing by PicturesController#index as HTML
  [1m[36mPicture Load (0.1ms)[0m  [1mSELECT "pictures".* FROM "pictures"[0m
  Rendered pictures/index.html.erb within layouts/application (0.6ms)
  Rendered layouts/_navigation_links.html.erb (0.3ms)
  Rendered layouts/_navigation.html.erb (0.9ms)
Completed 200 OK in 6ms (Views: 5.3ms | ActiveRecord: 0.1ms)


Started GET "/assets/scaffolds.css?body=1" for 127.0.0.1 at 2014-05-29 21:24:33 +0000


Started GET "/assets/application.css?body=1" for 127.0.0.1 at 2014-05-29 21:24:33 +0000


Started GET "/assets/turbolinks.js?body=1" for 127.0.0.1 at 2014-05-29 21:24:33 +0000


Started GET "/assets/jquery_ujs.js?body=1" for 127.0.0.1 at 2014-05-29 21:24:33 +0000


Started GET "/assets/application.js?body=1" for 127.0.0.1 at 2014-05-29 21:24:33 +0000


Started GET "/assets/pictures.css?body=1" for 127.0.0.1 at 2014-05-29 21:24:33 +0000


Started GET "/assets/pictures.js?body=1" for 127.0.0.1 at 2014-05-29 21:24:33 +0000


Started GET "/assets/jquery.js?body=1" for 127.0.0.1 at 2014-05-29 21:24:33 +0000


Started GET "/" for 127.0.0.1 at 2014-05-29 21:24:47 +0000
Processing by PicturesController#index as HTML
  [1m[35mPicture Load (0.2ms)[0m  SELECT "pictures".* FROM "pictures"
  Rendered pictures/index.html.erb within layouts/application (0.7ms)
  [1m[36mUser Load (0.1ms)[0m  [1mSELECT  "users".* FROM "users"  WHERE "users"."id" = 1  ORDER BY "users"."id" ASC LIMIT 1[0m
  Rendered layouts/_navigation_links.html.erb (12.2ms)
  Rendered layouts/_navigation.html.erb (12.8ms)
Completed 500 Internal Server Error in 19ms

ActionView::Template::Error (undefined local variable or method `users_path' for #<#<Class:0x00000001c0ed28>:0x00000004b36538>):
     6:   <li><%= link_to 'Sign up', new_user_registration_path %></li>
     7: <% end %>
     8: <% if user_signed_in? %>
     9:   <li><%= link_to 'Users', users_path %></li>
    10: <% end %>
  app/views/layouts/_navigation_links.html.erb:9:in `_app_views_layouts__navigation_links_html_erb__946732359102992398_37144880'
  app/views/layouts/_navigation.html.erb:14:in `_app_views_layouts__navigation_html_erb__939051431279694228_37123100'
  app/views/layouts/application.html.erb:11:in `_app_views_layouts_application_html_erb__1143554141105578621_15240840'


  Rendered /home/tuczi/.gem/ruby/2.1.0/gems/actionpack-4.1.1/lib/action_dispatch/middleware/templates/rescues/_trace.html.erb (1.2ms)
  Rendered /home/tuczi/.gem/ruby/2.1.0/gems/actionpack-4.1.1/lib/action_dispatch/middleware/templates/rescues/_request_and_response.html.erb (0.8ms)
  Rendered /home/tuczi/.gem/ruby/2.1.0/gems/actionpack-4.1.1/lib/action_dispatch/middleware/templates/rescues/template_error.html.erb within rescues/layout (9.4ms)


Started GET "/" for 127.0.0.1 at 2014-05-29 21:26:01 +0000
Processing by PicturesController#index as HTML
  [1m[35mPicture Load (0.1ms)[0m  SELECT "pictures".* FROM "pictures"
  Rendered pictures/index.html.erb within layouts/application (0.6ms)
  [1m[36mUser Load (0.1ms)[0m  [1mSELECT  "users".* FROM "users"  WHERE "users"."id" = 1  ORDER BY "users"."id" ASC LIMIT 1[0m
  Rendered layouts/_navigation_links.html.erb (12.0ms)
  Rendered layouts/_navigation.html.erb (12.9ms)
Completed 500 Internal Server Error in 18ms

ActionView::Template::Error (undefined local variable or method `users_path' for #<#<Class:0x00000001c0ed28>:0x007ff9a01a7998>):
     6:   <li><%= link_to 'Sign up', new_user_registration_path %></li>
     7: <% end %>
     8: <% if user_signed_in? %>
     9:   <li><%= link_to 'Users', users_path %></li>
    10: <% end %>
  app/views/layouts/_navigation_links.html.erb:9:in `_app_views_layouts__navigation_links_html_erb__946732359102992398_37144880'
  app/views/layouts/_navigation.html.erb:8:in `_app_views_layouts__navigation_html_erb__939051431279694228_70355054976200'
  app/views/layouts/application.html.erb:11:in `_app_views_layouts_application_html_erb__1143554141105578621_15240840'


  Rendered /home/tuczi/.gem/ruby/2.1.0/gems/actionpack-4.1.1/lib/action_dispatch/middleware/templates/rescues/_trace.html.erb (1.1ms)
  Rendered /home/tuczi/.gem/ruby/2.1.0/gems/actionpack-4.1.1/lib/action_dispatch/middleware/templates/rescues/_request_and_response.html.erb (0.8ms)
  Rendered /home/tuczi/.gem/ruby/2.1.0/gems/actionpack-4.1.1/lib/action_dispatch/middleware/templates/rescues/template_error.html.erb within rescues/layout (9.1ms)


Started GET "/" for 127.0.0.1 at 2014-05-29 21:26:11 +0000
Processing by PicturesController#index as HTML
  [1m[35mPicture Load (0.2ms)[0m  SELECT "pictures".* FROM "pictures"
  Rendered pictures/index.html.erb within layouts/application (0.6ms)
  Rendered layouts/_navigation.html.erb (0.3ms)
Completed 200 OK in 43ms (Views: 42.7ms | ActiveRecord: 0.2ms)


Started GET "/assets/pictures.css?body=1" for 127.0.0.1 at 2014-05-29 21:26:11 +0000


Started GET "/assets/scaffolds.css?body=1" for 127.0.0.1 at 2014-05-29 21:26:11 +0000


Started GET "/assets/jquery.js?body=1" for 127.0.0.1 at 2014-05-29 21:26:11 +0000


Started GET "/assets/jquery_ujs.js?body=1" for 127.0.0.1 at 2014-05-29 21:26:11 +0000


Started GET "/assets/turbolinks.js?body=1" for 127.0.0.1 at 2014-05-29 21:26:11 +0000


Started GET "/assets/pictures.js?body=1" for 127.0.0.1 at 2014-05-29 21:26:11 +0000


Started GET "/assets/application.css?body=1" for 127.0.0.1 at 2014-05-29 21:26:11 +0000


Started GET "/assets/application.js?body=1" for 127.0.0.1 at 2014-05-29 21:26:11 +0000


Started GET "/" for 127.0.0.1 at 2014-05-29 21:26:28 +0000
Processing by PicturesController#index as HTML
  [1m[36mPicture Load (0.1ms)[0m  [1mSELECT "pictures".* FROM "pictures"[0m
  Rendered pictures/index.html.erb within layouts/application (0.7ms)
  [1m[35mUser Load (0.2ms)[0m  SELECT  "users".* FROM "users"  WHERE "users"."id" = 1  ORDER BY "users"."id" ASC LIMIT 1
  Rendered layouts/_navigation_links.html.erb (12.7ms)
  Rendered layouts/_navigation.html.erb (13.9ms)
Completed 500 Internal Server Error in 21ms

ActionView::Template::Error (undefined local variable or method `users_path' for #<#<Class:0x00000001c0ed28>:0x00000002cbbbf8>):
     6:   <li><%= link_to 'Sign up', new_user_registration_path %></li>
     7: <% end %>
     8: <% if user_signed_in? %>
     9:   <li><%= link_to 'Users', users_path %></li>
    10: <% end %>
  app/views/layouts/_navigation_links.html.erb:9:in `_app_views_layouts__navigation_links_html_erb__946732359102992398_37144880'
  app/views/layouts/_navigation.html.erb:8:in `_app_views_layouts__navigation_html_erb__939051431279694228_23626020'
  app/views/layouts/application.html.erb:11:in `_app_views_layouts_application_html_erb__1143554141105578621_15240840'


  Rendered /home/tuczi/.gem/ruby/2.1.0/gems/actionpack-4.1.1/lib/action_dispatch/middleware/templates/rescues/_trace.html.erb (1.1ms)
  Rendered /home/tuczi/.gem/ruby/2.1.0/gems/actionpack-4.1.1/lib/action_dispatch/middleware/templates/rescues/_request_and_response.html.erb (0.8ms)
  Rendered /home/tuczi/.gem/ruby/2.1.0/gems/actionpack-4.1.1/lib/action_dispatch/middleware/templates/rescues/template_error.html.erb within rescues/layout (8.8ms)


Started GET "/" for 127.0.0.1 at 2014-05-29 21:26:49 +0000
Processing by PicturesController#index as HTML
  [1m[36mPicture Load (0.2ms)[0m  [1mSELECT "pictures".* FROM "pictures"[0m
  Rendered pictures/index.html.erb within layouts/application (0.7ms)
  [1m[35mUser Load (0.1ms)[0m  SELECT  "users".* FROM "users"  WHERE "users"."id" = 1  ORDER BY "users"."id" ASC LIMIT 1
  Rendered layouts/_navigation_links.html.erb (1.3ms)
  Rendered layouts/_navigation.html.erb (1.8ms)
Completed 200 OK in 9ms (Views: 7.6ms | ActiveRecord: 0.3ms)


Started GET "/assets/pictures.css?body=1" for 127.0.0.1 at 2014-05-29 21:26:49 +0000


Started GET "/assets/scaffolds.css?body=1" for 127.0.0.1 at 2014-05-29 21:26:49 +0000


Started GET "/assets/jquery.js?body=1" for 127.0.0.1 at 2014-05-29 21:26:49 +0000


Started GET "/assets/turbolinks.js?body=1" for 127.0.0.1 at 2014-05-29 21:26:49 +0000


Started GET "/assets/application.css?body=1" for 127.0.0.1 at 2014-05-29 21:26:49 +0000


Started GET "/assets/jquery_ujs.js?body=1" for 127.0.0.1 at 2014-05-29 21:26:49 +0000


Started GET "/assets/application.js?body=1" for 127.0.0.1 at 2014-05-29 21:26:49 +0000


Started GET "/assets/pictures.js?body=1" for 127.0.0.1 at 2014-05-29 21:26:49 +0000


Started GET "/" for 127.0.0.1 at 2014-05-29 21:27:08 +0000
Processing by PicturesController#index as HTML
  [1m[36mPicture Load (0.2ms)[0m  [1mSELECT "pictures".* FROM "pictures"[0m
  Rendered pictures/index.html.erb within layouts/application (0.7ms)
  [1m[35mUser Load (0.1ms)[0m  SELECT  "users".* FROM "users"  WHERE "users"."id" = 1  ORDER BY "users"."id" ASC LIMIT 1
  Rendered layouts/_navigation_links.html.erb (1.3ms)
  Rendered layouts/_navigation.html.erb (1.8ms)
Completed 200 OK in 9ms (Views: 7.9ms | ActiveRecord: 0.3ms)


Started GET "/assets/pictures.css?body=1" for 127.0.0.1 at 2014-05-29 21:27:09 +0000


Started GET "/assets/application.css?body=1" for 127.0.0.1 at 2014-05-29 21:27:09 +0000


Started GET "/assets/jquery_ujs.js?body=1" for 127.0.0.1 at 2014-05-29 21:27:09 +0000


Started GET "/assets/scaffolds.css?body=1" for 127.0.0.1 at 2014-05-29 21:27:09 +0000


Started GET "/assets/turbolinks.js?body=1" for 127.0.0.1 at 2014-05-29 21:27:09 +0000


Started GET "/assets/jquery.js?body=1" for 127.0.0.1 at 2014-05-29 21:27:09 +0000


Started GET "/assets/pictures.js?body=1" for 127.0.0.1 at 2014-05-29 21:27:09 +0000


Started GET "/assets/application.js?body=1" for 127.0.0.1 at 2014-05-29 21:27:09 +0000


Started GET "/" for 127.0.0.1 at 2014-05-29 21:27:19 +0000
Processing by PicturesController#index as HTML
  [1m[36mPicture Load (0.2ms)[0m  [1mSELECT "pictures".* FROM "pictures"[0m
  Rendered pictures/index.html.erb within layouts/application (0.7ms)
  [1m[35mUser Load (0.2ms)[0m  SELECT  "users".* FROM "users"  WHERE "users"."id" = 1  ORDER BY "users"."id" ASC LIMIT 1
  Rendered layouts/_navigation_links.html.erb (17.7ms)
  Rendered layouts/_navigation.html.erb (18.5ms)
Completed 500 Internal Server Error in 25ms

ActionView::Template::Error (undefined local variable or method `users_path' for #<#<Class:0x00000001c0ed28>:0x0000000473c3b0>):
     6:   <li><%= link_to 'Sign up', new_user_registration_path %></li>
     7: <% end %>
     8: <% if user_signed_in? %>
     9:   <li><%= link_to 'Users', users_path %></li>
    10: <% end %>
  app/views/layouts/_navigation_links.html.erb:9:in `_app_views_layouts__navigation_links_html_erb__946732359102992398_37550000'
  app/views/layouts/_navigation.html.erb:8:in `_app_views_layouts__navigation_html_erb__939051431279694228_23626020'
  app/views/layouts/application.html.erb:11:in `_app_views_layouts_application_html_erb__1143554141105578621_15240840'


  Rendered /home/tuczi/.gem/ruby/2.1.0/gems/actionpack-4.1.1/lib/action_dispatch/middleware/templates/rescues/_trace.html.erb (1.1ms)
  Rendered /home/tuczi/.gem/ruby/2.1.0/gems/actionpack-4.1.1/lib/action_dispatch/middleware/templates/rescues/_request_and_response.html.erb (0.8ms)
  Rendered /home/tuczi/.gem/ruby/2.1.0/gems/actionpack-4.1.1/lib/action_dispatch/middleware/templates/rescues/template_error.html.erb within rescues/layout (8.9ms)


Started GET "/" for 127.0.0.1 at 2014-05-29 21:29:13 +0000
  [1m[36mActiveRecord::SchemaMigration Load (0.1ms)[0m  [1mSELECT "schema_migrations".* FROM "schema_migrations"[0m
Processing by PicturesController#index as HTML
  [1m[35mPicture Load (0.1ms)[0m  SELECT "pictures".* FROM "pictures"
  Rendered pictures/index.html.erb within layouts/application (2.0ms)
  [1m[36mUser Load (0.1ms)[0m  [1mSELECT  "users".* FROM "users"  WHERE "users"."id" = 1  ORDER BY "users"."id" ASC LIMIT 1[0m
  Rendered layouts/_navigation_links.html.erb (21.7ms)
  Rendered layouts/_navigation.html.erb (22.9ms)
Completed 500 Internal Server Error in 97ms

ActionView::Template::Error (undefined local variable or method `user_path' for #<#<Class:0x007f255c45fde8>:0x007f255c45f410>):
     6:   <li><%= link_to 'Sign up', new_user_registration_path %></li>
     7: <% end %>
     8: <% if user_signed_in? %>
     9:   <li><%= link_to 'Users', user_path %></li>
    10: <% end %>
  app/views/layouts/_navigation_links.html.erb:9:in `_app_views_layouts__navigation_links_html_erb__4137524844803056213_13010660'
  app/views/layouts/_navigation.html.erb:8:in `_app_views_layouts__navigation_html_erb__408915322169616912_12931900'
  app/views/layouts/application.html.erb:11:in `_app_views_layouts_application_html_erb__1850635467472823840_69899219457380'


  Rendered /home/tuczi/.gem/ruby/2.1.0/gems/actionpack-4.1.1/lib/action_dispatch/middleware/templates/rescues/_trace.html.erb (1.2ms)
  Rendered /home/tuczi/.gem/ruby/2.1.0/gems/actionpack-4.1.1/lib/action_dispatch/middleware/templates/rescues/_request_and_response.html.erb (0.8ms)
  Rendered /home/tuczi/.gem/ruby/2.1.0/gems/actionpack-4.1.1/lib/action_dispatch/middleware/templates/rescues/template_error.html.erb within rescues/layout (9.5ms)


Started GET "/" for 127.0.0.1 at 2014-05-29 21:30:03 +0000
Processing by PicturesController#index as HTML
  [1m[35mPicture Load (0.3ms)[0m  SELECT "pictures".* FROM "pictures"
  Rendered pictures/index.html.erb within layouts/application (0.9ms)
  [1m[36mUser Load (0.1ms)[0m  [1mSELECT  "users".* FROM "users"  WHERE "users"."id" = 1  ORDER BY "users"."id" ASC LIMIT 1[0m
  Rendered layouts/_navigation_links.html.erb (8.0ms)
  Rendered layouts/_navigation.html.erb (8.6ms)
Completed 500 Internal Server Error in 15ms

ActionView::Template::Error (No route matches {:action=>"show", :controller=>"users"} missing required keys: [:id]):
     6:   <li><%= link_to 'Sign up', new_user_registration_path %></li>
     7: <% end %>
     8: <% if user_signed_in? %>
     9:   <li><%= link_to 'Users', user_path %></li>
    10: <% end %>
  app/views/layouts/_navigation_links.html.erb:9:in `_app_views_layouts__navigation_links_html_erb__4137524844803056213_13010660'
  app/views/layouts/_navigation.html.erb:8:in `_app_views_layouts__navigation_html_erb__408915322169616912_12931900'
  app/views/layouts/application.html.erb:11:in `_app_views_layouts_application_html_erb__1850635467472823840_69899219457380'


  Rendered /home/tuczi/.gem/ruby/2.1.0/gems/actionpack-4.1.1/lib/action_dispatch/middleware/templates/rescues/_trace.html.erb (1.2ms)
  Rendered /home/tuczi/.gem/ruby/2.1.0/gems/actionpack-4.1.1/lib/action_dispatch/middleware/templates/rescues/_request_and_response.html.erb (0.8ms)
  Rendered /home/tuczi/.gem/ruby/2.1.0/gems/actionpack-4.1.1/lib/action_dispatch/middleware/templates/rescues/template_error.html.erb within rescues/layout (8.8ms)


Started GET "/" for 127.0.0.1 at 2014-05-29 21:30:15 +0000
Processing by PicturesController#index as HTML
  [1m[35mPicture Load (0.1ms)[0m  SELECT "pictures".* FROM "pictures"
  Rendered pictures/index.html.erb within layouts/application (0.7ms)
  [1m[36mUser Load (0.1ms)[0m  [1mSELECT  "users".* FROM "users"  WHERE "users"."id" = 1  ORDER BY "users"."id" ASC LIMIT 1[0m
  Rendered layouts/_navigation_links.html.erb (1.5ms)
  Rendered layouts/_navigation.html.erb (2.1ms)
Completed 200 OK in 8ms (Views: 6.7ms | ActiveRecord: 0.3ms)


Started GET "/assets/pictures.css?body=1" for 127.0.0.1 at 2014-05-29 21:30:15 +0000


Started GET "/assets/jquery_ujs.js?body=1" for 127.0.0.1 at 2014-05-29 21:30:15 +0000


Started GET "/assets/application.css?body=1" for 127.0.0.1 at 2014-05-29 21:30:15 +0000


Started GET "/assets/turbolinks.js?body=1" for 127.0.0.1 at 2014-05-29 21:30:15 +0000


Started GET "/assets/jquery.js?body=1" for 127.0.0.1 at 2014-05-29 21:30:15 +0000


Started GET "/assets/scaffolds.css?body=1" for 127.0.0.1 at 2014-05-29 21:30:15 +0000


Started GET "/assets/pictures.js?body=1" for 127.0.0.1 at 2014-05-29 21:30:15 +0000


Started GET "/assets/application.js?body=1" for 127.0.0.1 at 2014-05-29 21:30:15 +0000


Started GET "/users" for 127.0.0.1 at 2014-05-29 21:30:20 +0000

ActionController::RoutingError (uninitialized constant UsersController):
  activesupport (4.1.1) lib/active_support/inflector/methods.rb:238:in `const_get'
  activesupport (4.1.1) lib/active_support/inflector/methods.rb:238:in `block in constantize'
  activesupport (4.1.1) lib/active_support/inflector/methods.rb:236:in `each'
  activesupport (4.1.1) lib/active_support/inflector/methods.rb:236:in `inject'
  activesupport (4.1.1) lib/active_support/inflector/methods.rb:236:in `constantize'
  actionpack (4.1.1) lib/action_dispatch/routing/route_set.rb:76:in `controller_reference'
  actionpack (4.1.1) lib/action_dispatch/routing/route_set.rb:66:in `controller'
  actionpack (4.1.1) lib/action_dispatch/routing/route_set.rb:44:in `call'
  actionpack (4.1.1) lib/action_dispatch/journey/router.rb:71:in `block in call'
  actionpack (4.1.1) lib/action_dispatch/journey/router.rb:59:in `each'
  actionpack (4.1.1) lib/action_dispatch/journey/router.rb:59:in `call'
  actionpack (4.1.1) lib/action_dispatch/routing/route_set.rb:676:in `call'
  warden (1.2.3) lib/warden/manager.rb:35:in `block in call'
  warden (1.2.3) lib/warden/manager.rb:34:in `catch'
  warden (1.2.3) lib/warden/manager.rb:34:in `call'
  rack (1.5.2) lib/rack/etag.rb:23:in `call'
  rack (1.5.2) lib/rack/conditionalget.rb:25:in `call'
  rack (1.5.2) lib/rack/head.rb:11:in `call'
  actionpack (4.1.1) lib/action_dispatch/middleware/params_parser.rb:27:in `call'
  actionpack (4.1.1) lib/action_dispatch/middleware/flash.rb:254:in `call'
  rack (1.5.2) lib/rack/session/abstract/id.rb:225:in `context'
  rack (1.5.2) lib/rack/session/abstract/id.rb:220:in `call'
  actionpack (4.1.1) lib/action_dispatch/middleware/cookies.rb:560:in `call'
  activerecord (4.1.1) lib/active_record/query_cache.rb:36:in `call'
  activerecord (4.1.1) lib/active_record/connection_adapters/abstract/connection_pool.rb:621:in `call'
  activerecord (4.1.1) lib/active_record/migration.rb:380:in `call'
  actionpack (4.1.1) lib/action_dispatch/middleware/callbacks.rb:29:in `block in call'
  activesupport (4.1.1) lib/active_support/callbacks.rb:82:in `run_callbacks'
  actionpack (4.1.1) lib/action_dispatch/middleware/callbacks.rb:27:in `call'
  actionpack (4.1.1) lib/action_dispatch/middleware/reloader.rb:73:in `call'
  actionpack (4.1.1) lib/action_dispatch/middleware/remote_ip.rb:76:in `call'
  actionpack (4.1.1) lib/action_dispatch/middleware/debug_exceptions.rb:17:in `call'
  actionpack (4.1.1) lib/action_dispatch/middleware/show_exceptions.rb:30:in `call'
  railties (4.1.1) lib/rails/rack/logger.rb:38:in `call_app'
  railties (4.1.1) lib/rails/rack/logger.rb:20:in `block in call'
  activesupport (4.1.1) lib/active_support/tagged_logging.rb:68:in `block in tagged'
  activesupport (4.1.1) lib/active_support/tagged_logging.rb:26:in `tagged'
  activesupport (4.1.1) lib/active_support/tagged_logging.rb:68:in `tagged'
  railties (4.1.1) lib/rails/rack/logger.rb:20:in `call'
  actionpack (4.1.1) lib/action_dispatch/middleware/request_id.rb:21:in `call'
  rack (1.5.2) lib/rack/methodoverride.rb:21:in `call'
  rack (1.5.2) lib/rack/runtime.rb:17:in `call'
  activesupport (4.1.1) lib/active_support/cache/strategy/local_cache_middleware.rb:26:in `call'
  rack (1.5.2) lib/rack/lock.rb:17:in `call'
  actionpack (4.1.1) lib/action_dispatch/middleware/static.rb:64:in `call'
  rack (1.5.2) lib/rack/sendfile.rb:112:in `call'
  railties (4.1.1) lib/rails/engine.rb:514:in `call'
  railties (4.1.1) lib/rails/application.rb:144:in `call'
  rack (1.5.2) lib/rack/lock.rb:17:in `call'
  rack (1.5.2) lib/rack/content_length.rb:14:in `call'
  rack (1.5.2) lib/rack/handler/webrick.rb:60:in `service'
  /usr/lib/ruby/2.1.0/webrick/httpserver.rb:138:in `service'
  /usr/lib/ruby/2.1.0/webrick/httpserver.rb:94:in `run'
  /usr/lib/ruby/2.1.0/webrick/server.rb:295:in `block in start_thread'


  Rendered /home/tuczi/.gem/ruby/2.1.0/gems/actionpack-4.1.1/lib/action_dispatch/middleware/templates/rescues/_trace.html.erb (1.0ms)
  Rendered /home/tuczi/.gem/ruby/2.1.0/gems/actionpack-4.1.1/lib/action_dispatch/middleware/templates/routes/_route.html.erb (2.9ms)
  Rendered /home/tuczi/.gem/ruby/2.1.0/gems/actionpack-4.1.1/lib/action_dispatch/middleware/templates/routes/_table.html.erb (9.0ms)
  Rendered /home/tuczi/.gem/ruby/2.1.0/gems/actionpack-4.1.1/lib/action_dispatch/middleware/templates/rescues/routing_error.html.erb within rescues/layout (35.7ms)


Started GET "/users" for 127.0.0.1 at 2014-05-29 21:30:20 +0000

ActionController::RoutingError (uninitialized constant UsersController):
  activesupport (4.1.1) lib/active_support/inflector/methods.rb:238:in `const_get'
  activesupport (4.1.1) lib/active_support/inflector/methods.rb:238:in `block in constantize'
  activesupport (4.1.1) lib/active_support/inflector/methods.rb:236:in `each'
  activesupport (4.1.1) lib/active_support/inflector/methods.rb:236:in `inject'
  activesupport (4.1.1) lib/active_support/inflector/methods.rb:236:in `constantize'
  actionpack (4.1.1) lib/action_dispatch/routing/route_set.rb:76:in `controller_reference'
  actionpack (4.1.1) lib/action_dispatch/routing/route_set.rb:66:in `controller'
  actionpack (4.1.1) lib/action_dispatch/routing/route_set.rb:44:in `call'
  actionpack (4.1.1) lib/action_dispatch/journey/router.rb:71:in `block in call'
  actionpack (4.1.1) lib/action_dispatch/journey/router.rb:59:in `each'
  actionpack (4.1.1) lib/action_dispatch/journey/router.rb:59:in `call'
  actionpack (4.1.1) lib/action_dispatch/routing/route_set.rb:676:in `call'
  warden (1.2.3) lib/warden/manager.rb:35:in `block in call'
  warden (1.2.3) lib/warden/manager.rb:34:in `catch'
  warden (1.2.3) lib/warden/manager.rb:34:in `call'
  rack (1.5.2) lib/rack/etag.rb:23:in `call'
  rack (1.5.2) lib/rack/conditionalget.rb:25:in `call'
  rack (1.5.2) lib/rack/head.rb:11:in `call'
  actionpack (4.1.1) lib/action_dispatch/middleware/params_parser.rb:27:in `call'
  actionpack (4.1.1) lib/action_dispatch/middleware/flash.rb:254:in `call'
  rack (1.5.2) lib/rack/session/abstract/id.rb:225:in `context'
  rack (1.5.2) lib/rack/session/abstract/id.rb:220:in `call'
  actionpack (4.1.1) lib/action_dispatch/middleware/cookies.rb:560:in `call'
  activerecord (4.1.1) lib/active_record/query_cache.rb:36:in `call'
  activerecord (4.1.1) lib/active_record/connection_adapters/abstract/connection_pool.rb:621:in `call'
  activerecord (4.1.1) lib/active_record/migration.rb:380:in `call'
  actionpack (4.1.1) lib/action_dispatch/middleware/callbacks.rb:29:in `block in call'
  activesupport (4.1.1) lib/active_support/callbacks.rb:82:in `run_callbacks'
  actionpack (4.1.1) lib/action_dispatch/middleware/callbacks.rb:27:in `call'
  actionpack (4.1.1) lib/action_dispatch/middleware/reloader.rb:73:in `call'
  actionpack (4.1.1) lib/action_dispatch/middleware/remote_ip.rb:76:in `call'
  actionpack (4.1.1) lib/action_dispatch/middleware/debug_exceptions.rb:17:in `call'
  actionpack (4.1.1) lib/action_dispatch/middleware/show_exceptions.rb:30:in `call'
  railties (4.1.1) lib/rails/rack/logger.rb:38:in `call_app'
  railties (4.1.1) lib/rails/rack/logger.rb:20:in `block in call'
  activesupport (4.1.1) lib/active_support/tagged_logging.rb:68:in `block in tagged'
  activesupport (4.1.1) lib/active_support/tagged_logging.rb:26:in `tagged'
  activesupport (4.1.1) lib/active_support/tagged_logging.rb:68:in `tagged'
  railties (4.1.1) lib/rails/rack/logger.rb:20:in `call'
  actionpack (4.1.1) lib/action_dispatch/middleware/request_id.rb:21:in `call'
  rack (1.5.2) lib/rack/methodoverride.rb:21:in `call'
  rack (1.5.2) lib/rack/runtime.rb:17:in `call'
  activesupport (4.1.1) lib/active_support/cache/strategy/local_cache_middleware.rb:26:in `call'
  rack (1.5.2) lib/rack/lock.rb:17:in `call'
  actionpack (4.1.1) lib/action_dispatch/middleware/static.rb:64:in `call'
  rack (1.5.2) lib/rack/sendfile.rb:112:in `call'
  railties (4.1.1) lib/rails/engine.rb:514:in `call'
  railties (4.1.1) lib/rails/application.rb:144:in `call'
  rack (1.5.2) lib/rack/lock.rb:17:in `call'
  rack (1.5.2) lib/rack/content_length.rb:14:in `call'
  rack (1.5.2) lib/rack/handler/webrick.rb:60:in `service'
  /usr/lib/ruby/2.1.0/webrick/httpserver.rb:138:in `service'
  /usr/lib/ruby/2.1.0/webrick/httpserver.rb:94:in `run'
  /usr/lib/ruby/2.1.0/webrick/server.rb:295:in `block in start_thread'


  Rendered /home/tuczi/.gem/ruby/2.1.0/gems/actionpack-4.1.1/lib/action_dispatch/middleware/templates/rescues/_trace.html.erb (1.0ms)
  Rendered /home/tuczi/.gem/ruby/2.1.0/gems/actionpack-4.1.1/lib/action_dispatch/middleware/templates/routes/_route.html.erb (2.7ms)
  Rendered /home/tuczi/.gem/ruby/2.1.0/gems/actionpack-4.1.1/lib/action_dispatch/middleware/templates/routes/_table.html.erb (0.9ms)
  Rendered /home/tuczi/.gem/ruby/2.1.0/gems/actionpack-4.1.1/lib/action_dispatch/middleware/templates/rescues/routing_error.html.erb within rescues/layout (26.1ms)


Started GET "/" for 127.0.0.1 at 2014-05-29 21:30:38 +0000
Processing by PicturesController#index as HTML
  [1m[35mPicture Load (0.1ms)[0m  SELECT "pictures".* FROM "pictures"
  Rendered pictures/index.html.erb within layouts/application (0.7ms)
  [1m[36mUser Load (0.1ms)[0m  [1mSELECT  "users".* FROM "users"  WHERE "users"."id" = 1  ORDER BY "users"."id" ASC LIMIT 1[0m
  Rendered layouts/_navigation_links.html.erb (1.0ms)
  Rendered layouts/_navigation.html.erb (1.6ms)
Completed 200 OK in 7ms (Views: 6.4ms | ActiveRecord: 0.3ms)


Started GET "/assets/pictures.css?body=1" for 127.0.0.1 at 2014-05-29 21:30:38 +0000


Started GET "/assets/scaffolds.css?body=1" for 127.0.0.1 at 2014-05-29 21:30:38 +0000


Started GET "/assets/application.css?body=1" for 127.0.0.1 at 2014-05-29 21:30:38 +0000


Started GET "/assets/jquery.js?body=1" for 127.0.0.1 at 2014-05-29 21:30:38 +0000


Started GET "/assets/jquery_ujs.js?body=1" for 127.0.0.1 at 2014-05-29 21:30:38 +0000


Started GET "/assets/turbolinks.js?body=1" for 127.0.0.1 at 2014-05-29 21:30:38 +0000


Started GET "/assets/application.js?body=1" for 127.0.0.1 at 2014-05-29 21:30:38 +0000


Started GET "/assets/pictures.js?body=1" for 127.0.0.1 at 2014-05-29 21:30:38 +0000


Started GET "/" for 127.0.0.1 at 2014-05-29 21:31:17 +0000
Processing by PicturesController#index as HTML
  [1m[35mPicture Load (0.3ms)[0m  SELECT "pictures".* FROM "pictures"
  Rendered pictures/index.html.erb within layouts/application (0.9ms)
  [1m[36mUser Load (0.1ms)[0m  [1mSELECT  "users".* FROM "users"  WHERE "users"."id" = 1  ORDER BY "users"."id" ASC LIMIT 1[0m
  Rendered layouts/_navigation_links.html.erb (7.4ms)
  Rendered layouts/_navigation.html.erb (8.0ms)
Completed 200 OK in 15ms (Views: 12.7ms | ActiveRecord: 0.7ms)


Started GET "/assets/pictures.css?body=1" for 127.0.0.1 at 2014-05-29 21:31:17 +0000


Started GET "/assets/scaffolds.css?body=1" for 127.0.0.1 at 2014-05-29 21:31:17 +0000


Started GET "/assets/application.css?body=1" for 127.0.0.1 at 2014-05-29 21:31:17 +0000


Started GET "/assets/jquery.js?body=1" for 127.0.0.1 at 2014-05-29 21:31:17 +0000


Started GET "/assets/jquery_ujs.js?body=1" for 127.0.0.1 at 2014-05-29 21:31:17 +0000


Started GET "/assets/turbolinks.js?body=1" for 127.0.0.1 at 2014-05-29 21:31:17 +0000


Started GET "/assets/pictures.js?body=1" for 127.0.0.1 at 2014-05-29 21:31:17 +0000


Started GET "/assets/application.js?body=1" for 127.0.0.1 at 2014-05-29 21:31:17 +0000


Started GET "/" for 127.0.0.1 at 2014-05-29 21:31:19 +0000
Processing by PicturesController#index as HTML
  [1m[35mPicture Load (0.2ms)[0m  SELECT "pictures".* FROM "pictures"
  Rendered pictures/index.html.erb within layouts/application (0.9ms)
  [1m[36mUser Load (0.1ms)[0m  [1mSELECT  "users".* FROM "users"  WHERE "users"."id" = 1  ORDER BY "users"."id" ASC LIMIT 1[0m
  Rendered layouts/_navigation_links.html.erb (1.0ms)
  Rendered layouts/_navigation.html.erb (1.6ms)
Completed 200 OK in 9ms (Views: 7.6ms | ActiveRecord: 0.3ms)


Started GET "/assets/scaffolds.css?body=1" for 127.0.0.1 at 2014-05-29 21:31:19 +0000


Started GET "/assets/turbolinks.js?body=1" for 127.0.0.1 at 2014-05-29 21:31:19 +0000


Started GET "/assets/jquery.js?body=1" for 127.0.0.1 at 2014-05-29 21:31:19 +0000


Started GET "/assets/pictures.css?body=1" for 127.0.0.1 at 2014-05-29 21:31:19 +0000


Started GET "/assets/pictures.js?body=1" for 127.0.0.1 at 2014-05-29 21:31:19 +0000


Started GET "/assets/application.css?body=1" for 127.0.0.1 at 2014-05-29 21:31:19 +0000


Started GET "/assets/jquery_ujs.js?body=1" for 127.0.0.1 at 2014-05-29 21:31:19 +0000


Started GET "/assets/application.js?body=1" for 127.0.0.1 at 2014-05-29 21:31:19 +0000


Started GET "/users" for 127.0.0.1 at 2014-05-29 21:31:20 +0000

ActionController::RoutingError (uninitialized constant UsersController):
  activesupport (4.1.1) lib/active_support/inflector/methods.rb:238:in `const_get'
  activesupport (4.1.1) lib/active_support/inflector/methods.rb:238:in `block in constantize'
  activesupport (4.1.1) lib/active_support/inflector/methods.rb:236:in `each'
  activesupport (4.1.1) lib/active_support/inflector/methods.rb:236:in `inject'
  activesupport (4.1.1) lib/active_support/inflector/methods.rb:236:in `constantize'
  actionpack (4.1.1) lib/action_dispatch/routing/route_set.rb:76:in `controller_reference'
  actionpack (4.1.1) lib/action_dispatch/routing/route_set.rb:66:in `controller'
  actionpack (4.1.1) lib/action_dispatch/routing/route_set.rb:44:in `call'
  actionpack (4.1.1) lib/action_dispatch/journey/router.rb:71:in `block in call'
  actionpack (4.1.1) lib/action_dispatch/journey/router.rb:59:in `each'
  actionpack (4.1.1) lib/action_dispatch/journey/router.rb:59:in `call'
  actionpack (4.1.1) lib/action_dispatch/routing/route_set.rb:676:in `call'
  warden (1.2.3) lib/warden/manager.rb:35:in `block in call'
  warden (1.2.3) lib/warden/manager.rb:34:in `catch'
  warden (1.2.3) lib/warden/manager.rb:34:in `call'
  rack (1.5.2) lib/rack/etag.rb:23:in `call'
  rack (1.5.2) lib/rack/conditionalget.rb:25:in `call'
  rack (1.5.2) lib/rack/head.rb:11:in `call'
  actionpack (4.1.1) lib/action_dispatch/middleware/params_parser.rb:27:in `call'
  actionpack (4.1.1) lib/action_dispatch/middleware/flash.rb:254:in `call'
  rack (1.5.2) lib/rack/session/abstract/id.rb:225:in `context'
  rack (1.5.2) lib/rack/session/abstract/id.rb:220:in `call'
  actionpack (4.1.1) lib/action_dispatch/middleware/cookies.rb:560:in `call'
  activerecord (4.1.1) lib/active_record/query_cache.rb:36:in `call'
  activerecord (4.1.1) lib/active_record/connection_adapters/abstract/connection_pool.rb:621:in `call'
  activerecord (4.1.1) lib/active_record/migration.rb:380:in `call'
  actionpack (4.1.1) lib/action_dispatch/middleware/callbacks.rb:29:in `block in call'
  activesupport (4.1.1) lib/active_support/callbacks.rb:82:in `run_callbacks'
  actionpack (4.1.1) lib/action_dispatch/middleware/callbacks.rb:27:in `call'
  actionpack (4.1.1) lib/action_dispatch/middleware/reloader.rb:73:in `call'
  actionpack (4.1.1) lib/action_dispatch/middleware/remote_ip.rb:76:in `call'
  actionpack (4.1.1) lib/action_dispatch/middleware/debug_exceptions.rb:17:in `call'
  actionpack (4.1.1) lib/action_dispatch/middleware/show_exceptions.rb:30:in `call'
  railties (4.1.1) lib/rails/rack/logger.rb:38:in `call_app'
  railties (4.1.1) lib/rails/rack/logger.rb:20:in `block in call'
  activesupport (4.1.1) lib/active_support/tagged_logging.rb:68:in `block in tagged'
  activesupport (4.1.1) lib/active_support/tagged_logging.rb:26:in `tagged'
  activesupport (4.1.1) lib/active_support/tagged_logging.rb:68:in `tagged'
  railties (4.1.1) lib/rails/rack/logger.rb:20:in `call'
  actionpack (4.1.1) lib/action_dispatch/middleware/request_id.rb:21:in `call'
  rack (1.5.2) lib/rack/methodoverride.rb:21:in `call'
  rack (1.5.2) lib/rack/runtime.rb:17:in `call'
  activesupport (4.1.1) lib/active_support/cache/strategy/local_cache_middleware.rb:26:in `call'
  rack (1.5.2) lib/rack/lock.rb:17:in `call'
  actionpack (4.1.1) lib/action_dispatch/middleware/static.rb:64:in `call'
  rack (1.5.2) lib/rack/sendfile.rb:112:in `call'
  railties (4.1.1) lib/rails/engine.rb:514:in `call'
  railties (4.1.1) lib/rails/application.rb:144:in `call'
  rack (1.5.2) lib/rack/lock.rb:17:in `call'
  rack (1.5.2) lib/rack/content_length.rb:14:in `call'
  rack (1.5.2) lib/rack/handler/webrick.rb:60:in `service'
  /usr/lib/ruby/2.1.0/webrick/httpserver.rb:138:in `service'
  /usr/lib/ruby/2.1.0/webrick/httpserver.rb:94:in `run'
  /usr/lib/ruby/2.1.0/webrick/server.rb:295:in `block in start_thread'


  Rendered /home/tuczi/.gem/ruby/2.1.0/gems/actionpack-4.1.1/lib/action_dispatch/middleware/templates/rescues/_trace.html.erb (1.1ms)
  Rendered /home/tuczi/.gem/ruby/2.1.0/gems/actionpack-4.1.1/lib/action_dispatch/middleware/templates/routes/_route.html.erb (2.6ms)
  Rendered /home/tuczi/.gem/ruby/2.1.0/gems/actionpack-4.1.1/lib/action_dispatch/middleware/templates/routes/_table.html.erb (1.0ms)
  Rendered /home/tuczi/.gem/ruby/2.1.0/gems/actionpack-4.1.1/lib/action_dispatch/middleware/templates/rescues/routing_error.html.erb within rescues/layout (26.7ms)


Started GET "/users" for 127.0.0.1 at 2014-05-29 21:31:20 +0000

ActionController::RoutingError (uninitialized constant UsersController):
  activesupport (4.1.1) lib/active_support/inflector/methods.rb:238:in `const_get'
  activesupport (4.1.1) lib/active_support/inflector/methods.rb:238:in `block in constantize'
  activesupport (4.1.1) lib/active_support/inflector/methods.rb:236:in `each'
  activesupport (4.1.1) lib/active_support/inflector/methods.rb:236:in `inject'
  activesupport (4.1.1) lib/active_support/inflector/methods.rb:236:in `constantize'
  actionpack (4.1.1) lib/action_dispatch/routing/route_set.rb:76:in `controller_reference'
  actionpack (4.1.1) lib/action_dispatch/routing/route_set.rb:66:in `controller'
  actionpack (4.1.1) lib/action_dispatch/routing/route_set.rb:44:in `call'
  actionpack (4.1.1) lib/action_dispatch/journey/router.rb:71:in `block in call'
  actionpack (4.1.1) lib/action_dispatch/journey/router.rb:59:in `each'
  actionpack (4.1.1) lib/action_dispatch/journey/router.rb:59:in `call'
  actionpack (4.1.1) lib/action_dispatch/routing/route_set.rb:676:in `call'
  warden (1.2.3) lib/warden/manager.rb:35:in `block in call'
  warden (1.2.3) lib/warden/manager.rb:34:in `catch'
  warden (1.2.3) lib/warden/manager.rb:34:in `call'
  rack (1.5.2) lib/rack/etag.rb:23:in `call'
  rack (1.5.2) lib/rack/conditionalget.rb:25:in `call'
  rack (1.5.2) lib/rack/head.rb:11:in `call'
  actionpack (4.1.1) lib/action_dispatch/middleware/params_parser.rb:27:in `call'
  actionpack (4.1.1) lib/action_dispatch/middleware/flash.rb:254:in `call'
  rack (1.5.2) lib/rack/session/abstract/id.rb:225:in `context'
  rack (1.5.2) lib/rack/session/abstract/id.rb:220:in `call'
  actionpack (4.1.1) lib/action_dispatch/middleware/cookies.rb:560:in `call'
  activerecord (4.1.1) lib/active_record/query_cache.rb:36:in `call'
  activerecord (4.1.1) lib/active_record/connection_adapters/abstract/connection_pool.rb:621:in `call'
  activerecord (4.1.1) lib/active_record/migration.rb:380:in `call'
  actionpack (4.1.1) lib/action_dispatch/middleware/callbacks.rb:29:in `block in call'
  activesupport (4.1.1) lib/active_support/callbacks.rb:82:in `run_callbacks'
  actionpack (4.1.1) lib/action_dispatch/middleware/callbacks.rb:27:in `call'
  actionpack (4.1.1) lib/action_dispatch/middleware/reloader.rb:73:in `call'
  actionpack (4.1.1) lib/action_dispatch/middleware/remote_ip.rb:76:in `call'
  actionpack (4.1.1) lib/action_dispatch/middleware/debug_exceptions.rb:17:in `call'
  actionpack (4.1.1) lib/action_dispatch/middleware/show_exceptions.rb:30:in `call'
  railties (4.1.1) lib/rails/rack/logger.rb:38:in `call_app'
  railties (4.1.1) lib/rails/rack/logger.rb:20:in `block in call'
  activesupport (4.1.1) lib/active_support/tagged_logging.rb:68:in `block in tagged'
  activesupport (4.1.1) lib/active_support/tagged_logging.rb:26:in `tagged'
  activesupport (4.1.1) lib/active_support/tagged_logging.rb:68:in `tagged'
  railties (4.1.1) lib/rails/rack/logger.rb:20:in `call'
  actionpack (4.1.1) lib/action_dispatch/middleware/request_id.rb:21:in `call'
  rack (1.5.2) lib/rack/methodoverride.rb:21:in `call'
  rack (1.5.2) lib/rack/runtime.rb:17:in `call'
  activesupport (4.1.1) lib/active_support/cache/strategy/local_cache_middleware.rb:26:in `call'
  rack (1.5.2) lib/rack/lock.rb:17:in `call'
  actionpack (4.1.1) lib/action_dispatch/middleware/static.rb:64:in `call'
  rack (1.5.2) lib/rack/sendfile.rb:112:in `call'
  railties (4.1.1) lib/rails/engine.rb:514:in `call'
  railties (4.1.1) lib/rails/application.rb:144:in `call'
  rack (1.5.2) lib/rack/lock.rb:17:in `call'
  rack (1.5.2) lib/rack/content_length.rb:14:in `call'
  rack (1.5.2) lib/rack/handler/webrick.rb:60:in `service'
  /usr/lib/ruby/2.1.0/webrick/httpserver.rb:138:in `service'
  /usr/lib/ruby/2.1.0/webrick/httpserver.rb:94:in `run'
  /usr/lib/ruby/2.1.0/webrick/server.rb:295:in `block in start_thread'


  Rendered /home/tuczi/.gem/ruby/2.1.0/gems/actionpack-4.1.1/lib/action_dispatch/middleware/templates/rescues/_trace.html.erb (1.1ms)
  Rendered /home/tuczi/.gem/ruby/2.1.0/gems/actionpack-4.1.1/lib/action_dispatch/middleware/templates/routes/_route.html.erb (2.6ms)
  Rendered /home/tuczi/.gem/ruby/2.1.0/gems/actionpack-4.1.1/lib/action_dispatch/middleware/templates/routes/_table.html.erb (1.0ms)
  Rendered /home/tuczi/.gem/ruby/2.1.0/gems/actionpack-4.1.1/lib/action_dispatch/middleware/templates/rescues/routing_error.html.erb within rescues/layout (25.5ms)


Started GET "/users" for 127.0.0.1 at 2014-05-29 21:31:34 +0000

ActionController::RoutingError (uninitialized constant UsersController):
  activesupport (4.1.1) lib/active_support/inflector/methods.rb:238:in `const_get'
  activesupport (4.1.1) lib/active_support/inflector/methods.rb:238:in `block in constantize'
  activesupport (4.1.1) lib/active_support/inflector/methods.rb:236:in `each'
  activesupport (4.1.1) lib/active_support/inflector/methods.rb:236:in `inject'
  activesupport (4.1.1) lib/active_support/inflector/methods.rb:236:in `constantize'
  actionpack (4.1.1) lib/action_dispatch/routing/route_set.rb:76:in `controller_reference'
  actionpack (4.1.1) lib/action_dispatch/routing/route_set.rb:66:in `controller'
  actionpack (4.1.1) lib/action_dispatch/routing/route_set.rb:44:in `call'
  actionpack (4.1.1) lib/action_dispatch/journey/router.rb:71:in `block in call'
  actionpack (4.1.1) lib/action_dispatch/journey/router.rb:59:in `each'
  actionpack (4.1.1) lib/action_dispatch/journey/router.rb:59:in `call'
  actionpack (4.1.1) lib/action_dispatch/routing/route_set.rb:676:in `call'
  warden (1.2.3) lib/warden/manager.rb:35:in `block in call'
  warden (1.2.3) lib/warden/manager.rb:34:in `catch'
  warden (1.2.3) lib/warden/manager.rb:34:in `call'
  rack (1.5.2) lib/rack/etag.rb:23:in `call'
  rack (1.5.2) lib/rack/conditionalget.rb:25:in `call'
  rack (1.5.2) lib/rack/head.rb:11:in `call'
  actionpack (4.1.1) lib/action_dispatch/middleware/params_parser.rb:27:in `call'
  actionpack (4.1.1) lib/action_dispatch/middleware/flash.rb:254:in `call'
  rack (1.5.2) lib/rack/session/abstract/id.rb:225:in `context'
  rack (1.5.2) lib/rack/session/abstract/id.rb:220:in `call'
  actionpack (4.1.1) lib/action_dispatch/middleware/cookies.rb:560:in `call'
  activerecord (4.1.1) lib/active_record/query_cache.rb:36:in `call'
  activerecord (4.1.1) lib/active_record/connection_adapters/abstract/connection_pool.rb:621:in `call'
  activerecord (4.1.1) lib/active_record/migration.rb:380:in `call'
  actionpack (4.1.1) lib/action_dispatch/middleware/callbacks.rb:29:in `block in call'
  activesupport (4.1.1) lib/active_support/callbacks.rb:82:in `run_callbacks'
  actionpack (4.1.1) lib/action_dispatch/middleware/callbacks.rb:27:in `call'
  actionpack (4.1.1) lib/action_dispatch/middleware/reloader.rb:73:in `call'
  actionpack (4.1.1) lib/action_dispatch/middleware/remote_ip.rb:76:in `call'
  actionpack (4.1.1) lib/action_dispatch/middleware/debug_exceptions.rb:17:in `call'
  actionpack (4.1.1) lib/action_dispatch/middleware/show_exceptions.rb:30:in `call'
  railties (4.1.1) lib/rails/rack/logger.rb:38:in `call_app'
  railties (4.1.1) lib/rails/rack/logger.rb:20:in `block in call'
  activesupport (4.1.1) lib/active_support/tagged_logging.rb:68:in `block in tagged'
  activesupport (4.1.1) lib/active_support/tagged_logging.rb:26:in `tagged'
  activesupport (4.1.1) lib/active_support/tagged_logging.rb:68:in `tagged'
  railties (4.1.1) lib/rails/rack/logger.rb:20:in `call'
  actionpack (4.1.1) lib/action_dispatch/middleware/request_id.rb:21:in `call'
  rack (1.5.2) lib/rack/methodoverride.rb:21:in `call'
  rack (1.5.2) lib/rack/runtime.rb:17:in `call'
  activesupport (4.1.1) lib/active_support/cache/strategy/local_cache_middleware.rb:26:in `call'
  rack (1.5.2) lib/rack/lock.rb:17:in `call'
  actionpack (4.1.1) lib/action_dispatch/middleware/static.rb:64:in `call'
  rack (1.5.2) lib/rack/sendfile.rb:112:in `call'
  railties (4.1.1) lib/rails/engine.rb:514:in `call'
  railties (4.1.1) lib/rails/application.rb:144:in `call'
  rack (1.5.2) lib/rack/lock.rb:17:in `call'
  rack (1.5.2) lib/rack/content_length.rb:14:in `call'
  rack (1.5.2) lib/rack/handler/webrick.rb:60:in `service'
  /usr/lib/ruby/2.1.0/webrick/httpserver.rb:138:in `service'
  /usr/lib/ruby/2.1.0/webrick/httpserver.rb:94:in `run'
  /usr/lib/ruby/2.1.0/webrick/server.rb:295:in `block in start_thread'


  Rendered /home/tuczi/.gem/ruby/2.1.0/gems/actionpack-4.1.1/lib/action_dispatch/middleware/templates/rescues/_trace.html.erb (1.1ms)
  Rendered /home/tuczi/.gem/ruby/2.1.0/gems/actionpack-4.1.1/lib/action_dispatch/middleware/templates/routes/_route.html.erb (3.1ms)
  Rendered /home/tuczi/.gem/ruby/2.1.0/gems/actionpack-4.1.1/lib/action_dispatch/middleware/templates/routes/_table.html.erb (1.0ms)
  Rendered /home/tuczi/.gem/ruby/2.1.0/gems/actionpack-4.1.1/lib/action_dispatch/middleware/templates/rescues/routing_error.html.erb within rescues/layout (28.3ms)


Started GET "/users" for 127.0.0.1 at 2014-05-29 21:32:48 +0000

ActionController::RoutingError (No route matches [GET] "/users"):
  actionpack (4.1.1) lib/action_dispatch/middleware/debug_exceptions.rb:21:in `call'
  actionpack (4.1.1) lib/action_dispatch/middleware/show_exceptions.rb:30:in `call'
  railties (4.1.1) lib/rails/rack/logger.rb:38:in `call_app'
  railties (4.1.1) lib/rails/rack/logger.rb:20:in `block in call'
  activesupport (4.1.1) lib/active_support/tagged_logging.rb:68:in `block in tagged'
  activesupport (4.1.1) lib/active_support/tagged_logging.rb:26:in `tagged'
  activesupport (4.1.1) lib/active_support/tagged_logging.rb:68:in `tagged'
  railties (4.1.1) lib/rails/rack/logger.rb:20:in `call'
  actionpack (4.1.1) lib/action_dispatch/middleware/request_id.rb:21:in `call'
  rack (1.5.2) lib/rack/methodoverride.rb:21:in `call'
  rack (1.5.2) lib/rack/runtime.rb:17:in `call'
  activesupport (4.1.1) lib/active_support/cache/strategy/local_cache_middleware.rb:26:in `call'
  rack (1.5.2) lib/rack/lock.rb:17:in `call'
  actionpack (4.1.1) lib/action_dispatch/middleware/static.rb:64:in `call'
  rack (1.5.2) lib/rack/sendfile.rb:112:in `call'
  railties (4.1.1) lib/rails/engine.rb:514:in `call'
  railties (4.1.1) lib/rails/application.rb:144:in `call'
  rack (1.5.2) lib/rack/lock.rb:17:in `call'
  rack (1.5.2) lib/rack/content_length.rb:14:in `call'
  rack (1.5.2) lib/rack/handler/webrick.rb:60:in `service'
  /usr/lib/ruby/2.1.0/webrick/httpserver.rb:138:in `service'
  /usr/lib/ruby/2.1.0/webrick/httpserver.rb:94:in `run'
  /usr/lib/ruby/2.1.0/webrick/server.rb:295:in `block in start_thread'


  Rendered /home/tuczi/.gem/ruby/2.1.0/gems/actionpack-4.1.1/lib/action_dispatch/middleware/templates/rescues/_trace.html.erb (0.9ms)
  Rendered /home/tuczi/.gem/ruby/2.1.0/gems/actionpack-4.1.1/lib/action_dispatch/middleware/templates/routes/_route.html.erb (2.7ms)
  Rendered /home/tuczi/.gem/ruby/2.1.0/gems/actionpack-4.1.1/lib/action_dispatch/middleware/templates/routes/_table.html.erb (0.9ms)
  Rendered /home/tuczi/.gem/ruby/2.1.0/gems/actionpack-4.1.1/lib/action_dispatch/middleware/templates/rescues/routing_error.html.erb within rescues/layout (48.1ms)


Started GET "/" for 127.0.0.1 at 2014-05-29 21:32:52 +0000
Processing by PicturesController#index as HTML
  [1m[35mPicture Load (0.3ms)[0m  SELECT "pictures".* FROM "pictures"
  Rendered pictures/index.html.erb within layouts/application (1.0ms)
  [1m[36mUser Load (0.2ms)[0m  [1mSELECT  "users".* FROM "users"  WHERE "users"."id" = 1  ORDER BY "users"."id" ASC LIMIT 1[0m
  Rendered layouts/_navigation_links.html.erb (8.1ms)
  Rendered layouts/_navigation.html.erb (8.7ms)
Completed 200 OK in 16ms (Views: 13.5ms | ActiveRecord: 0.8ms)


Started GET "/assets/pictures.css?body=1" for 127.0.0.1 at 2014-05-29 21:32:52 +0000


Started GET "/assets/scaffolds.css?body=1" for 127.0.0.1 at 2014-05-29 21:32:52 +0000


Started GET "/assets/jquery_ujs.js?body=1" for 127.0.0.1 at 2014-05-29 21:32:53 +0000


Started GET "/assets/jquery.js?body=1" for 127.0.0.1 at 2014-05-29 21:32:53 +0000


Started GET "/assets/application.css?body=1" for 127.0.0.1 at 2014-05-29 21:32:53 +0000


Started GET "/assets/turbolinks.js?body=1" for 127.0.0.1 at 2014-05-29 21:32:53 +0000


Started GET "/assets/pictures.js?body=1" for 127.0.0.1 at 2014-05-29 21:32:53 +0000


Started GET "/assets/application.js?body=1" for 127.0.0.1 at 2014-05-29 21:32:53 +0000


Started GET "/users/edit" for 127.0.0.1 at 2014-05-29 21:32:54 +0000
Processing by Devise::RegistrationsController#edit as HTML
  [1m[35mUser Load (0.2ms)[0m  SELECT  "users".* FROM "users"  WHERE "users"."id" = 1  ORDER BY "users"."id" ASC LIMIT 1
  Rendered devise/registrations/edit.html.erb within layouts/application (14.5ms)
  Rendered layouts/_navigation_links.html.erb (0.7ms)
  Rendered layouts/_navigation.html.erb (2.0ms)
Completed 200 OK in 26ms (Views: 23.1ms | ActiveRecord: 0.2ms)


Started GET "/" for 127.0.0.1 at 2014-05-29 21:33:06 +0000
Processing by PicturesController#index as HTML
  [1m[36mPicture Load (0.1ms)[0m  [1mSELECT "pictures".* FROM "pictures"[0m
  Rendered pictures/index.html.erb within layouts/application (1.5ms)
  [1m[35mUser Load (0.3ms)[0m  SELECT  "users".* FROM "users"  WHERE "users"."id" = 1  ORDER BY "users"."id" ASC LIMIT 1
  Rendered layouts/_navigation_links.html.erb (1.6ms)
  Rendered layouts/_navigation.html.erb (2.4ms)
Completed 200 OK in 10ms (Views: 8.4ms | ActiveRecord: 0.5ms)
